<?xml version="1.0" encoding="UTF-8"?><testsuite errors="0" failures="0" name="com.frameworkdevlopment.junit.countriesinfo.AuthenticationTest" skipped="0" tests="2" time="8.66" timestamp="2020-05-123 06:31:02"><testcase classname="com.frameworkdevlopment.junit.countriesinfo.AuthenticationTest" name="This test validate login authentication with valid entries"/><testcase classname="com.frameworkdevlopment.junit.countriesinfo.AuthenticationTest" name="This test verify valid error message for invalid credentials"/></testsuite>