<?xml version="1.0" encoding="UTF-8"?><testsuite errors="0" failures="0" name="com.frameworkdevlopment.junit.countriesinfo.CustomerRegisterTest" skipped="0" tests="2" time="2.88" timestamp="2020-05-123 06:31:14"><testcase classname="com.frameworkdevlopment.junit.countriesinfo.CustomerRegisterTest" name="This test will register customer"/><testcase classname="com.frameworkdevlopment.junit.countriesinfo.CustomerRegisterTest" name="This test verify valid error message for POST request with existing user details"/></testsuite>